2024-07-12 02:07:736 INFO  HomePage :29 - Click on accept cookies : 
2024-07-12 02:07:19 INFO  HomePage :35 - Click on all menu : All
2024-07-12 02:07:223 INFO  HomePage :41 - Click on accept cookies : Electronics & Computers
2024-07-12 09:07:398 INFO  HomePage :29 - Click on accept cookies : 
2024-07-12 09:07:640 INFO  HomePage :35 - Click on all menu : All
2024-07-12 09:07:819 INFO  HomePage :41 - Click on accept cookies : 
2024-07-12 09:07:268 INFO  HomePage :29 - Click on accept cookies : 
2024-07-12 09:07:477 INFO  HomePage :35 - Click on all menu : All
2024-07-12 09:07:737 INFO  HomePage :41 - Click on accept cookies : 
2024-07-12 10:07:529 INFO  HomePage :35 - Click on all menu : All
2024-07-12 10:07:885 INFO  HomePage :41 - Click on accept cookies : Electronics & Computers
2024-07-12 10:07:334 INFO  HomePage :35 - Click on all menu : All
2024-07-12 10:07:792 INFO  HomePage :41 - Click on electric and computer menu : Electronics & Computers
2024-07-12 10:07:255 INFO  HomePage :29 - Click on accept cookies : 
2024-07-12 10:07:653 INFO  HomePage :35 - Click on all menu : All
2024-07-12 10:07:858 INFO  HomePage :41 - Click on electric and computer menu : Electronics & Computers
2024-07-12 10:07:889 INFO  HomePage :29 - Click on accept cookies : 
2024-07-12 10:07:29 INFO  HomePage :35 - Click on all menu : All
2024-07-12 10:07:237 INFO  HomePage :41 - Click on electric and computer menu : Electronics & Computers
2024-07-12 10:07:306 INFO  HomePage :29 - Click on accept cookies : 
2024-07-12 10:07:547 INFO  HomePage :35 - Click on all menu : All
2024-07-12 10:07:852 INFO  HomePage :41 - Click on electric and computer menu : Electronics & Computers
2024-07-12 10:07:305 INFO  HomePage :29 - Click on accept cookies : 
2024-07-12 10:07:566 INFO  HomePage :35 - Click on all menu : All
2024-07-12 10:07:771 INFO  HomePage :41 - Click on electric and computer menu : Electronics & Computers
2024-07-12 11:07:979 INFO  HomePage :29 - Click on accept cookies : 
2024-07-12 11:07:309 INFO  HomePage :35 - Click on all menu : All
2024-07-12 11:07:496 INFO  HomePage :41 - Click on electric and computer menu : Electronics & Computers
2024-07-12 11:07:03 INFO  HomePage :29 - Click on accept cookies : 
2024-07-12 11:07:241 INFO  HomePage :35 - Click on all menu : All
2024-07-12 11:07:445 INFO  HomePage :41 - Click on electric and computer menu : Electronics & Computers
2024-07-12 13:07:539 INFO  HomePage :29 - Click on accept cookies : 
2024-07-12 13:07:832 INFO  HomePage :35 - Click on all menu : All
2024-07-12 13:07:62 INFO  HomePage :41 - Click on electric and computer menu : 
2024-07-12 13:07:542 INFO  HomePage :29 - Click on accept cookies : 
2024-07-12 13:07:800 INFO  HomePage :35 - Click on all menu : All
2024-07-12 13:07:974 INFO  HomePage :41 - Click on electric and computer menu : 
2024-07-12 13:07:135 INFO  HomePage :30 - Click on accept cookies : 
2024-07-12 13:07:590 INFO  HomePage :36 - Click on all menu : All
2024-07-12 13:07:820 INFO  HomePage :42 - Click on electric and computer menu : Electronics & Computers
2024-07-12 13:07:25 INFO  HomePage :30 - Click on accept cookies : 
2024-07-12 13:07:261 INFO  HomePage :36 - Click on all menu : All
2024-07-12 13:07:498 INFO  HomePage :42 - Click on electric and computer menu : Electronics & Computers
2024-07-12 13:07:932 INFO  HomePage :30 - Click on accept cookies : 
2024-07-12 13:07:164 INFO  HomePage :36 - Click on all menu : All
2024-07-12 13:07:407 INFO  HomePage :42 - Click on electric and computer menu : Electronics & Computers
2024-07-12 13:07:822 INFO  HomePage :30 - Click on accept cookies : 
2024-07-12 13:07:38 INFO  HomePage :36 - Click on all menu : All
2024-07-12 13:07:292 INFO  HomePage :42 - Click on electric and computer menu : Electronics & Computers
2024-07-12 13:07:752 INFO  HomePage :30 - Click on accept cookies : 
2024-07-12 13:07:970 INFO  HomePage :36 - Click on all menu : All
2024-07-12 13:07:185 INFO  HomePage :42 - Click on electric and computer menu : Electronics & Computers
2024-07-12 16:07:71 INFO  HomePage :30 - Click on accept cookies : 
2024-07-12 16:07:360 INFO  HomePage :36 - Click on all menu : All
2024-07-12 16:07:557 INFO  HomePage :42 - Click on electric and computer menu : Electronics & Computers
2024-07-12 16:07:395 INFO  HomePage :30 - Click on accept cookies : 
2024-07-12 16:07:650 INFO  HomePage :36 - Click on all menu : All
2024-07-12 16:07:908 INFO  HomePage :42 - Click on electric and computer menu : Electronics & Computers
2024-07-12 16:07:279 INFO  HomePage :30 - Click on accept cookies : 
2024-07-12 16:07:592 INFO  HomePage :36 - Click on all menu : All
2024-07-12 16:07:817 INFO  HomePage :42 - Click on electric and computer menu : Electronics & Computers
2024-07-12 16:07:233 INFO  HomePage :30 - Click on accept cookies : 
2024-07-12 16:07:673 INFO  HomePage :36 - Click on all menu : All
2024-07-12 16:07:945 INFO  HomePage :42 - Click on electric and computer menu : 
2024-07-12 16:07:121 INFO  ElectronicsPage :22 - Click on phone and accessories menu : 
2024-07-12 16:07:498 INFO  PhonesAndAccessoriesPage :21 - Click on mobile phone menu : SMARTPHONES
2024-07-12 16:07:138 INFO  HomePage :30 - Click on accept cookies : 
2024-07-12 16:07:498 INFO  HomePage :36 - Click on all menu : All
2024-07-12 16:07:758 INFO  HomePage :42 - Click on electric and computer menu : 
2024-07-12 16:07:933 INFO  ElectronicsPage :22 - Click on phone and accessories menu : 
2024-07-12 16:07:281 INFO  PhonesAndAccessoriesPage :21 - Click on mobile phone menu : SMARTPHONES
2024-07-12 16:07:536 INFO  MobilePhonesPage :29 - Click on mobile phone menu : Samsung
2024-07-12 16:07:867 INFO  MobilePhonesPage :35 - Click on mobile phone menu : 20 MP & above
2024-07-12 16:07:532 INFO  MobilePhonesPage :41 - Click on year checkbox : 2023
2024-07-12 17:07:26 INFO  HomePage :30 - Click on accept cookies : 
2024-07-12 17:07:306 INFO  HomePage :36 - Click on all menu : All
2024-07-12 17:07:474 INFO  HomePage :42 - Click on electric and computer menu : 
2024-07-12 17:07:655 INFO  ElectronicsPage :22 - Click on phone and accessories menu : 
2024-07-12 17:07:671 INFO  PhonesAndAccessoriesPage :21 - Click on mobile phone menu : SIM-Free
2024-07-12 17:07:634 INFO  MobilePhonesPage :35 - Click on mobile phone menu : Samsung
2024-07-12 17:07:310 INFO  MobilePhonesPage :41 - Click on mobile phone menu : 20 MP & above
2024-07-12 17:07:730 INFO  MobilePhonesPage :47 - Click on year checkbox : 2023
2024-07-12 18:07:504 INFO  HomePage :30 - Click on accept cookies : 
2024-07-12 18:07:665 INFO  HomePage :36 - Click on all menu : All
2024-07-12 18:07:845 INFO  HomePage :42 - Click on electric and computer menu : 
2024-07-12 18:07:81 INFO  HomePage :30 - Click on accept cookies : 
2024-07-12 18:07:423 INFO  HomePage :36 - Click on all menu : All
2024-07-12 18:07:428 INFO  HomePage :30 - Click on accept cookies : 
2024-07-12 18:07:808 INFO  HomePage :36 - Click on all menu : All
2024-07-12 18:07:976 INFO  HomePage :42 - Click on electric and computer menu : 
2024-07-12 18:07:65 INFO  HomePage :30 - Click on accept cookies : 
2024-07-12 18:07:276 INFO  HomePage :36 - Click on all menu : All
2024-07-12 18:07:466 INFO  HomePage :42 - Click on electric and computer menu : 
2024-07-12 18:07:352 INFO  HomePage :29 - Click on accept cookies : 
2024-07-12 18:07:804 INFO  HomePage :35 - Click on all menu : All
2024-07-12 18:07:65 INFO  HomePage :41 - Click on electric and computer menu : 
2024-07-12 18:07:775 INFO  HomePage :30 - Click on accept cookies : 
2024-07-12 18:07:158 INFO  HomePage :36 - Click on all menu : All
2024-07-12 18:07:353 INFO  HomePage :42 - Click on electric and computer menu : 
2024-07-12 18:07:512 INFO  ElectronicsPage :22 - Click on phone and accessories menu : 
2024-07-12 18:07:478 INFO  PhonesAndAccessoriesPage :21 - Click on mobile phone menu : SIM-Free
2024-07-12 18:07:368 INFO  MobilePhonesPage :45 - Click on mobile phone menu : Samsung
2024-07-12 18:07:600 INFO  MobilePhonesPage :51 - Click on mobile phone menu : 20 MP & above
2024-07-12 18:07:195 INFO  MobilePhonesPage :57 - Click on year checkbox : 2023
2024-07-12 18:07:568 INFO  HomePage :30 - Click on accept cookies : 
2024-07-12 18:07:836 INFO  HomePage :36 - Click on all menu : All
2024-07-12 18:07:24 INFO  HomePage :42 - Click on electric and computer menu : 
2024-07-12 18:07:386 INFO  ElectronicsPage :22 - Click on phone and accessories menu : 
2024-07-12 18:07:813 INFO  PhonesAndAccessoriesPage :21 - Click on mobile phone menu : SIM-Free
2024-07-12 18:07:156 INFO  MobilePhonesPage :57 - Click on mobile phone menu : Samsung
2024-07-12 18:07:457 INFO  MobilePhonesPage :63 - Click on mobile phone menu : 20 MP & above
2024-07-12 18:07:164 INFO  MobilePhonesPage :69 - Click on year checkbox : 2023
2024-07-12 18:07:11 INFO  HomePage :30 - Click on accept cookies : 
2024-07-12 18:07:257 INFO  HomePage :36 - Click on all menu : All
2024-07-12 18:07:503 INFO  HomePage :42 - Click on electric and computer menu : 
2024-07-12 18:07:806 INFO  HomePage :30 - Click on accept cookies : 
2024-07-12 18:07:129 INFO  HomePage :36 - Click on all menu : All
2024-07-12 18:07:406 INFO  HomePage :42 - Click on electric and computer menu : 
2024-07-12 18:07:599 INFO  ElectronicsPage :22 - Click on phone and accessories menu : 
2024-07-12 18:07:806 INFO  PhonesAndAccessoriesPage :21 - Click on mobile phone menu : SIM-Free
2024-07-12 18:07:155 INFO  MobilePhonesPage :60 - Click on mobile phone menu : Samsung
2024-07-12 18:07:202 INFO  MobilePhonesPage :66 - Click on mobile phone menu : 20 MP & above
2024-07-12 18:07:811 INFO  MobilePhonesPage :72 - Click on year checkbox : 2023
2024-07-12 18:07:661 INFO  HomePage :30 - Click on accept cookies : 
2024-07-12 18:07:966 INFO  HomePage :36 - Click on all menu : All
2024-07-12 18:07:186 INFO  HomePage :42 - Click on electric and computer menu : 
2024-07-12 18:07:349 INFO  ElectronicsPage :22 - Click on phone and accessories menu : 
2024-07-12 18:07:620 INFO  PhonesAndAccessoriesPage :21 - Click on mobile phone menu : SIM-Free
2024-07-12 18:07:278 INFO  MobilePhonesPage :60 - Click on mobile phone menu : Samsung
2024-07-12 18:07:376 INFO  HomePage :30 - Click on accept cookies : 
2024-07-12 18:07:745 INFO  HomePage :36 - Click on all menu : All
2024-07-12 18:07:05 INFO  HomePage :42 - Click on electric and computer menu : 
2024-07-12 18:07:746 INFO  HomePage :30 - Click on accept cookies : 
2024-07-12 18:07:95 INFO  HomePage :36 - Click on all menu : All
2024-07-12 18:07:347 INFO  HomePage :42 - Click on electric and computer menu : 
2024-07-12 18:07:541 INFO  ElectronicsPage :22 - Click on phone and accessories menu : 
2024-07-12 18:07:857 INFO  PhonesAndAccessoriesPage :21 - Click on mobile phone menu : SIM-Free
2024-07-12 18:07:425 INFO  MobilePhonesPage :60 - Click on mobile phone menu : Samsung
2024-07-12 19:07:51 INFO  HomePage :30 - Click on accept cookies : 
2024-07-12 19:07:450 INFO  HomePage :36 - Click on all menu : All
2024-07-12 19:07:910 INFO  HomePage :42 - Click on electric and computer menu : 
2024-07-12 19:07:684 INFO  HomePage :30 - Click on accept cookies : 
2024-07-12 19:07:12 INFO  HomePage :36 - Click on all menu : All
2024-07-12 19:07:229 INFO  HomePage :42 - Click on electric and computer menu : 
2024-07-12 19:07:632 INFO  HomePage :30 - Click on accept cookies : 
2024-07-12 19:07:945 INFO  HomePage :36 - Click on all menu : All
2024-07-12 19:07:124 INFO  HomePage :42 - Click on electric and computer menu : 
2024-07-12 19:07:281 INFO  ElectronicsPage :22 - Click on phone and accessories menu : 
2024-07-12 19:07:255 INFO  PhonesAndAccessoriesPage :21 - Click on mobile phone menu : SIM-Free
2024-07-12 19:07:180 INFO  MobilePhonesPage :60 - Click on mobile phone menu : Samsung
2024-07-12 19:07:189 INFO  HomePage :30 - Click on accept cookies : 
2024-07-12 19:07:465 INFO  HomePage :36 - Click on all menu : All
2024-07-12 19:07:684 INFO  HomePage :42 - Click on electric and computer menu : 
2024-07-12 19:07:864 INFO  ElectronicsPage :22 - Click on phone and accessories menu : 
2024-07-12 19:07:04 INFO  PhonesAndAccessoriesPage :21 - Click on mobile phone menu : SIM-Free
2024-07-12 19:07:947 INFO  MobilePhonesPage :60 - Click on mobile phone menu : Samsung
2024-07-12 20:07:353 INFO  HomePage :30 - Click on accept cookies : 
2024-07-12 20:07:760 INFO  HomePage :36 - Click on all menu : All
2024-07-12 20:07:967 INFO  HomePage :42 - Click on electric and computer menu : 
2024-07-12 20:07:840 INFO  HomePage :30 - Click on accept cookies : 
2024-07-12 20:07:188 INFO  HomePage :36 - Click on all menu : All
2024-07-12 20:07:386 INFO  HomePage :42 - Click on electric and computer menu : 
2024-07-12 20:07:568 INFO  ElectronicsPage :22 - Click on phone and accessories menu : 
2024-07-12 20:07:700 INFO  PhonesAndAccessoriesPage :21 - Click on mobile phone menu : SIM-Free
2024-07-12 20:07:445 INFO  MobilePhonesPage :58 - Click on mobile phone menu : Samsung
2024-07-12 20:07:312 INFO  HomePage :30 - Click on accept cookies : 
2024-07-12 20:07:633 INFO  HomePage :36 - Click on all menu : All
2024-07-12 20:07:810 INFO  HomePage :42 - Click on electric and computer menu : 
2024-07-12 20:07:206 INFO  HomePage :30 - Click on accept cookies : 
2024-07-12 20:07:430 INFO  HomePage :36 - Click on all menu : All
2024-07-12 20:07:643 INFO  HomePage :42 - Click on electric and computer menu : 
2024-07-12 20:07:71 INFO  HomePage :30 - Click on accept cookies : 
2024-07-12 20:07:472 INFO  HomePage :36 - Click on all menu : All
2024-07-12 20:07:667 INFO  HomePage :42 - Click on electric and computer menu : 
2024-07-12 20:07:834 INFO  HomePage :30 - Click on accept cookies : 
2024-07-12 20:07:24 INFO  HomePage :36 - Click on all menu : All
2024-07-12 20:07:212 INFO  HomePage :42 - Click on electric and computer menu : 
2024-07-12 20:07:356 INFO  ElectronicsPage :22 - Click on phone and accessories menu : 
2024-07-12 20:07:367 INFO  PhonesAndAccessoriesPage :21 - Click on mobile phone menu : SIM-Free
2024-07-12 20:07:202 INFO  MobilePhonesPage :58 - Click on mobile phone menu : Samsung
2024-07-12 20:07:659 INFO  HomePage :30 - Click on accept cookies : 
2024-07-12 20:07:28 INFO  HomePage :36 - Click on all menu : All
2024-07-12 20:07:227 INFO  HomePage :42 - Click on electric and computer menu : 
2024-07-12 20:07:179 INFO  HomePage :30 - Click on accept cookies : 
2024-07-12 20:07:407 INFO  HomePage :36 - Click on all menu : All
2024-07-12 20:07:592 INFO  HomePage :42 - Click on electric and computer menu : 
2024-07-12 20:07:986 INFO  HomePage :30 - Click on accept cookies : 
2024-07-12 20:07:458 INFO  HomePage :36 - Click on all menu : All
2024-07-12 20:07:756 INFO  HomePage :42 - Click on electric and computer menu : 
2024-07-12 20:07:340 INFO  HomePage :30 - Click on accept cookies : 
2024-07-12 20:07:559 INFO  HomePage :36 - Click on all menu : All
2024-07-12 20:07:172 INFO  HomePage :42 - Click on electric and computer menu : 
2024-07-12 20:07:726 INFO  ElectronicsPage :22 - Click on phone and accessories menu : 
2024-07-12 20:07:691 INFO  PhonesAndAccessoriesPage :21 - Click on mobile phone menu : SIM-Free
2024-07-12 20:07:286 INFO  MobilePhonesPage :50 - Click on mobile phone menu : Samsung
2024-07-12 20:07:553 INFO  MobilePhonesPage :56 - Click on mobile phone menu : 20 MP & above
2024-07-12 20:07:215 INFO  MobilePhonesPage :62 - Click on year checkbox : 2023
2024-07-12 20:07:670 INFO  MobilePhonesPage :68 - Selecting minimum price range : 
2024-07-12 20:07:687 INFO  HomePage :30 - Click on accept cookies : 
2024-07-12 20:07:983 INFO  HomePage :36 - Click on all menu : All
2024-07-12 20:07:220 INFO  HomePage :42 - Click on electric and computer menu : 
2024-07-12 20:07:359 INFO  ElectronicsPage :22 - Click on phone and accessories menu : 
2024-07-12 20:07:506 INFO  PhonesAndAccessoriesPage :21 - Click on mobile phone menu : SIM-Free
2024-07-12 20:07:965 INFO  MobilePhonesPage :51 - Click on mobile phone menu : Samsung
2024-07-12 20:07:148 INFO  MobilePhonesPage :57 - Click on mobile phone menu : 20 MP & above
2024-07-12 20:07:901 INFO  MobilePhonesPage :63 - Click on year checkbox : 2023
2024-07-12 20:07:443 INFO  HomePage :30 - Click on accept cookies : 
2024-07-12 20:07:770 INFO  HomePage :36 - Click on all menu : All
2024-07-12 20:07:01 INFO  HomePage :42 - Click on electric and computer menu : 
2024-07-12 20:07:576 INFO  ElectronicsPage :22 - Click on phone and accessories menu : 
2024-07-12 20:07:533 INFO  PhonesAndAccessoriesPage :21 - Click on mobile phone menu : SIM-Free
2024-07-12 20:07:376 INFO  MobilePhonesPage :51 - Click on mobile phone menu : Samsung
2024-07-12 20:07:252 INFO  MobilePhonesPage :57 - Click on mobile phone menu : 20 MP & above
2024-07-12 20:07:643 INFO  MobilePhonesPage :63 - Click on year checkbox : 2023
2024-07-12 20:07:393 INFO  HomePage :30 - Click on accept cookies : 
2024-07-12 20:07:602 INFO  HomePage :36 - Click on all menu : All
2024-07-12 20:07:796 INFO  HomePage :42 - Click on electric and computer menu : 
2024-07-12 20:07:987 INFO  ElectronicsPage :22 - Click on phone and accessories menu : 
2024-07-12 20:07:952 INFO  PhonesAndAccessoriesPage :21 - Click on mobile phone menu : SIM-Free
2024-07-12 20:07:861 INFO  MobilePhonesPage :51 - Click on mobile phone menu : Samsung
2024-07-12 20:07:875 INFO  MobilePhonesPage :57 - Click on mobile phone menu : 20 MP & above
2024-07-12 20:07:329 INFO  MobilePhonesPage :63 - Click on year checkbox : 2023
2024-07-12 20:07:08 INFO  HomePage :30 - Click on accept cookies : 
2024-07-12 20:07:487 INFO  HomePage :36 - Click on all menu : All
2024-07-12 20:07:683 INFO  HomePage :42 - Click on electric and computer menu : 
2024-07-12 20:07:530 INFO  HomePage :30 - Click on accept cookies : 
2024-07-12 20:07:857 INFO  HomePage :36 - Click on all menu : All
2024-07-12 20:07:76 INFO  HomePage :42 - Click on electric and computer menu : 
2024-07-12 20:07:722 INFO  HomePage :30 - Click on accept cookies : 
2024-07-12 20:07:87 INFO  HomePage :36 - Click on all menu : All
2024-07-12 20:07:476 INFO  HomePage :42 - Click on electric and computer menu : 
2024-07-12 20:07:611 INFO  ElectronicsPage :22 - Click on phone and accessories menu : 
2024-07-12 20:07:682 INFO  PhonesAndAccessoriesPage :21 - Click on mobile phone menu : SMARTPHONES
2024-07-12 20:07:473 INFO  MobilePhonesPage :50 - Click on mobile phone menu : Samsung
2024-07-12 20:07:101 INFO  MobilePhonesPage :56 - Click on mobile phone menu : 20 MP & above
2024-07-12 20:07:804 INFO  MobilePhonesPage :62 - Click on year checkbox : 2023
2024-07-12 20:07:371 INFO  HomePage :30 - Click on accept cookies : 
2024-07-12 20:07:543 INFO  HomePage :36 - Click on all menu : All
2024-07-12 20:07:123 INFO  HomePage :42 - Click on electric and computer menu : 
2024-07-12 20:07:518 INFO  HomePage :30 - Click on accept cookies : 
2024-07-12 20:07:883 INFO  HomePage :36 - Click on all menu : All
2024-07-12 20:07:50 INFO  HomePage :42 - Click on electric and computer menu : 
2024-07-12 20:07:342 INFO  ElectronicsPage :22 - Click on phone and accessories menu : 
2024-07-12 20:07:341 INFO  PhonesAndAccessoriesPage :21 - Click on mobile phone menu : SMARTPHONES
2024-07-12 20:07:342 INFO  MobilePhonesPage :50 - Click on mobile phone menu : Samsung
2024-07-12 20:07:857 INFO  MobilePhonesPage :56 - Click on mobile phone menu : 20 MP & above
2024-07-12 20:07:283 INFO  MobilePhonesPage :62 - Click on year checkbox : 2023
2024-07-12 22:07:608 INFO  HomePage :30 - Click on accept cookies : 
2024-07-12 22:07:846 INFO  HomePage :36 - Click on all menu : All
2024-07-12 22:07:42 INFO  HomePage :42 - Click on electric and computer menu : 
2024-07-12 23:07:511 INFO  HomePage :30 - Click on accept cookies : 
2024-07-12 23:07:779 INFO  HomePage :36 - Click on all menu : All
2024-07-12 23:07:962 INFO  HomePage :42 - Click on electric and computer menu : 
2024-07-12 23:07:918 INFO  HomePage :30 - Click on accept cookies : 
2024-07-12 23:07:415 INFO  HomePage :36 - Click on all menu : All
2024-07-12 23:07:579 INFO  HomePage :42 - Click on electric and computer menu : 
2024-07-12 23:07:110 INFO  HomePage :30 - Click on accept cookies : 
2024-07-12 23:07:556 INFO  HomePage :36 - Click on all menu : All
2024-07-12 23:07:98 INFO  HomePage :42 - Click on electric and computer menu : 
2024-07-12 23:07:500 INFO  ElectronicsPage :22 - Click on phone and accessories menu : 
2024-07-12 23:07:13 INFO  PhonesAndAccessoriesPage :21 - Click on mobile phone menu : SMARTPHONES
2024-07-12 23:07:82 INFO  MobilePhonesPage :46 - Click on mobile phone menu : Samsung
2024-07-12 23:07:174 INFO  MobilePhonesPage :52 - Click on mobile phone menu : 20 MP & above
2024-07-12 23:07:22 INFO  MobilePhonesPage :58 - Click on year checkbox : 2023
